0 info it worked if it ends with ok
1 verbose cli [ '/Users/student/.nvm/versions/node/v7.5.0/bin/node',
1 verbose cli   '/Users/student/.nvm/versions/node/v7.5.0/bin/npm',
1 verbose cli   'run',
1 verbose cli   'test' ]
2 info using npm@4.1.2
3 info using node@v7.5.0
4 verbose run-script [ 'pretest', 'test', 'posttest' ]
5 info lifecycle injector@1.0.0~pretest: injector@1.0.0
6 silly lifecycle injector@1.0.0~pretest: no script for pretest, continuing
7 info lifecycle injector@1.0.0~test: injector@1.0.0
8 verbose lifecycle injector@1.0.0~test: unsafe-perm in lifecycle true
9 verbose lifecycle injector@1.0.0~test: PATH: /Users/student/.nvm/versions/node/v7.5.0/lib/node_modules/npm/bin/node-gyp-bin:/Users/student/Desktop/FAC/FAC10-planning/injector/node_modules/.bin:/Users/student/.nvm/versions/node/v7.5.0/bin:/usr/local/bin:/usr/bin:/bin:/usr/sbin:/sbin
10 verbose lifecycle injector@1.0.0~test: CWD: /Users/student/Desktop/FAC/FAC10-planning/injector
11 silly lifecycle injector@1.0.0~test: Args: [ '-c', 'node tests/server.test.js | tests/test-run.js' ]
12 silly lifecycle injector@1.0.0~test: Returned: code: 126  signal: null
13 info lifecycle injector@1.0.0~test: Failed to exec test script
14 verbose stack Error: injector@1.0.0 test: `node tests/server.test.js | tests/test-run.js`
14 verbose stack Exit status 126
14 verbose stack     at EventEmitter.<anonymous> (/Users/student/.nvm/versions/node/v7.5.0/lib/node_modules/npm/lib/utils/lifecycle.js:279:16)
14 verbose stack     at emitTwo (events.js:106:13)
14 verbose stack     at EventEmitter.emit (events.js:192:7)
14 verbose stack     at ChildProcess.<anonymous> (/Users/student/.nvm/versions/node/v7.5.0/lib/node_modules/npm/lib/utils/spawn.js:40:14)
14 verbose stack     at emitTwo (events.js:106:13)
14 verbose stack     at ChildProcess.emit (events.js:192:7)
14 verbose stack     at maybeClose (internal/child_process.js:890:16)
14 verbose stack     at Process.ChildProcess._handle.onexit (internal/child_process.js:226:5)
15 verbose pkgid injector@1.0.0
16 verbose cwd /Users/student/Desktop/FAC/FAC10-planning/injector
17 error Darwin 16.4.0
18 error argv "/Users/student/.nvm/versions/node/v7.5.0/bin/node" "/Users/student/.nvm/versions/node/v7.5.0/bin/npm" "run" "test"
19 error node v7.5.0
20 error npm  v4.1.2
21 error code ELIFECYCLE
22 error injector@1.0.0 test: `node tests/server.test.js | tests/test-run.js`
22 error Exit status 126
23 error Failed at the injector@1.0.0 test script 'node tests/server.test.js | tests/test-run.js'.
23 error Make sure you have the latest version of node.js and npm installed.
23 error If you do, this is most likely a problem with the injector package,
23 error not with npm itself.
23 error Tell the author that this fails on your system:
23 error     node tests/server.test.js | tests/test-run.js
23 error You can get information on how to open an issue for this project with:
23 error     npm bugs injector
23 error Or if that isn't available, you can get their info via:
23 error     npm owner ls injector
23 error There is likely additional logging output above.
24 verbose exit [ 1, true ]
